#
# There is insufficient memory for the Java Runtime Environment to continue.
# Native memory allocation (malloc) failed to allocate 555216 bytes for Chunk::new
# Possible reasons:
#   The system is out of physical RAM or swap space
#   In 32 bit mode, the process size limit was hit
# Possible solutions:
#   Reduce memory load on the system
#   Increase physical memory or swap space
#   Check if swap backing store is full
#   Use 64 bit Java on a 64 bit OS
#   Decrease Java heap size (-Xmx/-Xms)
#   Decrease number of Java threads
#   Decrease Java thread stack sizes (-Xss)
#   Set larger code cache with -XX:ReservedCodeCacheSize=
# This output file may be truncated or incomplete.
#
#  Out of Memory Error (allocation.cpp:390), pid=5208, tid=0x0000000000001e44
#
# JRE version: Java(TM) SE Runtime Environment (8.0_121-b13) (build 1.8.0_121-b13)
# Java VM: Java HotSpot(TM) 64-Bit Server VM (25.121-b13 mixed mode windows-amd64 compressed oops)
# Failed to write core dump. Minidumps are not enabled by default on client versions of Windows
#

---------------  T H R E A D  ---------------

Current thread (0x0000000019e9c000):  JavaThread "C2 CompilerThread0" daemon [_thread_in_native, id=7748, stack(0x000000001a360000,0x000000001a460000)]

Stack: [0x000000001a360000,0x000000001a460000]
[error occurred during error reporting (printing stack bounds), id 0xc0000005]

Native frames: (J=compiled Java code, j=interpreted, Vv=VM code, C=native code)


Current CompileTask:
C2: 123420 3824       4       javassist.compiler.Lex::lookAhead (81 bytes)


---------------  P R O C E S S  ---------------

Java Threads: ( => current thread )
  0x000000001baff000 JavaThread "pool-1-thread-1" [_thread_blocked, id=4016, stack(0x000000001e680000,0x000000001e780000)]
  0x000000001bafa000 JavaThread "Abandoned connection cleanup thread" daemon [_thread_blocked, id=12120, stack(0x000000001de90000,0x000000001df90000)]
  0x0000000019e8c800 JavaThread "Service Thread" daemon [_thread_blocked, id=11260, stack(0x000000001a760000,0x000000001a860000)]
  0x0000000019ea4000 JavaThread "C1 CompilerThread3" daemon [_thread_blocked, id=2692, stack(0x000000001a660000,0x000000001a760000)]
  0x0000000019e95000 JavaThread "C2 CompilerThread2" daemon [_thread_blocked, id=9124, stack(0x000000001a560000,0x000000001a660000)]
  0x0000000019e91000 JavaThread "C2 CompilerThread1" daemon [_thread_in_native, id=10012, stack(0x000000001a460000,0x000000001a560000)]
=>0x0000000019e9c000 JavaThread "C2 CompilerThread0" daemon [_thread_in_native, id=7748, stack(0x000000001a360000,0x000000001a460000)]
  0x0000000019e8b800 JavaThread "Attach Listener" daemon [_thread_blocked, id=2580, stack(0x000000001a260000,0x000000001a360000)]
  0x0000000019de3000 JavaThread "Signal Dispatcher" daemon [_thread_blocked, id=400, stack(0x000000001a160000,0x000000001a260000)]
  0x0000000019b90800 JavaThread "Finalizer" daemon [_thread_blocked, id=8868, stack(0x0000000019f70000,0x000000001a070000)]
  0x0000000002cd8000 JavaThread "Reference Handler" daemon [_thread_blocked, id=6700, stack(0x0000000019a70000,0x0000000019b70000)]
  0x0000000002be3800 JavaThread "main" [_thread_in_Java, id=4328, stack(0x0000000002a60000,0x0000000002b60000)]

Other Threads:
  0x0000000017c79800 VMThread [stack: 0x0000000019970000,0x0000000019a70000] [id=8472]
  0x0000000019f69000 WatcherThread [stack: 0x000000001b060000,0x000000001b160000] [id=9464]

VM state:not at safepoint (normal execution)

VM Mutex/Monitor currently owned by a thread: None

Heap:
 PSYoungGen      total 449024K, used 42351K [0x00000000d5d80000, 0x00000000fd280000, 0x0000000100000000)
  eden space 425472K, 9% used [0x00000000d5d80000,0x00000000d86dbd58,0x00000000efd00000)
  from space 23552K, 0% used [0x00000000efd00000,0x00000000efd00000,0x00000000f1400000)
  to   space 22528K, 0% used [0x00000000fbc80000,0x00000000fbc80000,0x00000000fd280000)
 ParOldGen       total 70656K, used 14756K [0x0000000081800000, 0x0000000085d00000, 0x00000000d5d80000)
  object space 70656K, 20% used [0x0000000081800000,0x00000000826690b0,0x0000000085d00000)
 Metaspace       used 34836K, capacity 35218K, committed 35456K, reserved 1079296K
  class space    used 4604K, capacity 4696K, committed 4736K, reserved 1048576K

Card table byte_map: [0x00000000120a0000,0x00000000124a0000] byte_map_base: 0x0000000011c94000

Marking Bits: (ParMarkBitMap*) 0x000000005831b6d0
 Begin Bits: [0x0000000012f50000, 0x0000000014ef0000)
 End Bits:   [0x0000000014ef0000, 0x0000000016e90000)

Polling page: 0x00000000029f0000

CodeCache: size=245760Kb used=11627Kb max_used=12770Kb free=234132Kb
 bounds [0x0000000002ce0000, 0x0000000003980000, 0x0000000011ce0000]
 total_blobs=4136 nmethods=3520 adapters=528
 compilation: enabled

Compilation events (10 events):
Event: 123.353 Thread 0x0000000019ea4000 3839       3       org.reflections.scanners.SubTypesScanner::<init> (6 bytes)
Event: 123.354 Thread 0x0000000019ea4000 nmethod 3839 0x0000000002f20910 code [0x0000000002f20ba0, 0x0000000002f21e68]
Event: 123.354 Thread 0x0000000019ea4000 3840       3       org.reflections.scanners.SubTypesScanner::<init> (30 bytes)
Event: 123.355 Thread 0x0000000019ea4000 nmethod 3840 0x0000000002e3a490 code [0x0000000002e3a700, 0x0000000002e3b9a8]
Event: 123.355 Thread 0x0000000019ea4000 3841       3       org.reflections.util.ConfigurationBuilder::addUrls (13 bytes)
Event: 123.355 Thread 0x0000000019ea4000 nmethod 3841 0x0000000002e09090 code [0x0000000002e09200, 0x0000000002e09428]
Event: 123.362 Thread 0x0000000019e95000 3843       4       java.util.regex.Matcher::find (69 bytes)
Event: 123.368 Thread 0x0000000019ea4000 3844   !   3       javassist.compiler.JvstCodeGen::setType (112 bytes)
Event: 123.369 Thread 0x0000000019ea4000 nmethod 3844 0x00000000031d6dd0 code [0x00000000031d7020, 0x00000000031d7fb8]
Event: 123.376 Thread 0x0000000019e95000 nmethod 3843 0x0000000002f80910 code [0x0000000002f80a80, 0x0000000002f811f8]

GC Heap History (10 events):
Event: 4.010 GC heap before
{Heap before GC invocations=7 (full 1):
 PSYoungGen      total 138240K, used 133120K [0x00000000d5d80000, 0x00000000e7780000, 0x0000000100000000)
  eden space 133120K, 100% used [0x00000000d5d80000,0x00000000ddf80000,0x00000000ddf80000)
  from space 5120K, 0% used [0x00000000ddf80000,0x00000000ddf80000,0x00000000de480000)
  to   space 11264K, 0% used [0x00000000e6c80000,0x00000000e6c80000,0x00000000e7780000)
 ParOldGen       total 52224K, used 6465K [0x0000000081800000, 0x0000000084b00000, 0x00000000d5d80000)
  object space 52224K, 12% used [0x0000000081800000,0x0000000081e505d8,0x0000000084b00000)
 Metaspace       used 21256K, capacity 21590K, committed 21760K, reserved 1069056K
  class space    used 2895K, capacity 2968K, committed 3072K, reserved 1048576K
Event: 4.025 GC heap after
Heap after GC invocations=7 (full 1):
 PSYoungGen      total 252416K, used 11264K [0x00000000d5d80000, 0x00000000e7780000, 0x0000000100000000)
  eden space 241152K, 0% used [0x00000000d5d80000,0x00000000d5d80000,0x00000000e4900000)
  from space 11264K, 100% used [0x00000000e6c80000,0x00000000e7780000,0x00000000e7780000)
  to   space 13312K, 0% used [0x00000000e5d80000,0x00000000e5d80000,0x00000000e6a80000)
 ParOldGen       total 52224K, used 7177K [0x0000000081800000, 0x0000000084b00000, 0x00000000d5d80000)
  object space 52224K, 13% used [0x0000000081800000,0x0000000081f025d8,0x0000000084b00000)
 Metaspace       used 21256K, capacity 21590K, committed 21760K, reserved 1069056K
  class space    used 2895K, capacity 2968K, committed 3072K, reserved 1048576K
}
Event: 5.343 GC heap before
{Heap before GC invocations=8 (full 1):
 PSYoungGen      total 252416K, used 252416K [0x00000000d5d80000, 0x00000000e7780000, 0x0000000100000000)
  eden space 241152K, 100% used [0x00000000d5d80000,0x00000000e4900000,0x00000000e4900000)
  from space 11264K, 100% used [0x00000000e6c80000,0x00000000e7780000,0x00000000e7780000)
  to   space 13312K, 0% used [0x00000000e5d80000,0x00000000e5d80000,0x00000000e6a80000)
 ParOldGen       total 52224K, used 7177K [0x0000000081800000, 0x0000000084b00000, 0x00000000d5d80000)
  object space 52224K, 13% used [0x0000000081800000,0x0000000081f025d8,0x0000000084b00000)
 Metaspace       used 25823K, capacity 26248K, committed 26624K, reserved 1073152K
  class space    used 3404K, capacity 3515K, committed 3584K, reserved 1048576K
Event: 5.364 GC heap after
Heap after GC invocations=8 (full 1):
 PSYoungGen      total 275456K, used 13286K [0x00000000d5d80000, 0x00000000f2680000, 0x0000000100000000)
  eden space 262144K, 0% used [0x00000000d5d80000,0x00000000d5d80000,0x00000000e5d80000)
  from space 13312K, 99% used [0x00000000e5d80000,0x00000000e6a79ab8,0x00000000e6a80000)
  to   space 18944K, 0% used [0x00000000f1400000,0x00000000f1400000,0x00000000f2680000)
 ParOldGen       total 52224K, used 15169K [0x0000000081800000, 0x0000000084b00000, 0x00000000d5d80000)
  object space 52224K, 29% used [0x0000000081800000,0x00000000826d05d8,0x0000000084b00000)
 Metaspace       used 25823K, capacity 26248K, committed 26624K, reserved 1073152K
  class space    used 3404K, capacity 3515K, committed 3584K, reserved 1048576K
}
Event: 10.896 GC heap before
{Heap before GC invocations=9 (full 1):
 PSYoungGen      total 275456K, used 275430K [0x00000000d5d80000, 0x00000000f2680000, 0x0000000100000000)
  eden space 262144K, 100% used [0x00000000d5d80000,0x00000000e5d80000,0x00000000e5d80000)
  from space 13312K, 99% used [0x00000000e5d80000,0x00000000e6a79ab8,0x00000000e6a80000)
  to   space 18944K, 0% used [0x00000000f1400000,0x00000000f1400000,0x00000000f2680000)
 ParOldGen       total 52224K, used 15169K [0x0000000081800000, 0x0000000084b00000, 0x00000000d5d80000)
  object space 52224K, 29% used [0x0000000081800000,0x00000000826d05d8,0x0000000084b00000)
 Metaspace       used 31775K, capacity 32212K, committed 32512K, reserved 1077248K
  class space    used 4198K, capacity 4301K, committed 4352K, reserved 1048576K
Event: 10.921 GC heap after
Heap after GC invocations=9 (full 1):
 PSYoungGen      total 444416K, used 18921K [0x00000000d5d80000, 0x00000000f4880000, 0x0000000100000000)
  eden space 425472K, 0% used [0x00000000d5d80000,0x00000000d5d80000,0x00000000efd00000)
  from space 18944K, 99% used [0x00000000f1400000,0x00000000f267a728,0x00000000f2680000)
  to   space 23552K, 0% used [0x00000000efd00000,0x00000000efd00000,0x00000000f1400000)
 ParOldGen       total 52224K, used 19415K [0x0000000081800000, 0x0000000084b00000, 0x00000000d5d80000)
  object space 52224K, 37% used [0x0000000081800000,0x0000000082af5ea0,0x0000000084b00000)
 Metaspace       used 31775K, capacity 32212K, committed 32512K, reserved 1077248K
  class space    used 4198K, capacity 4301K, committed 4352K, reserved 1048576K
}
Event: 119.628 GC heap before
{Heap before GC invocations=10 (full 1):
 PSYoungGen      total 444416K, used 86497K [0x00000000d5d80000, 0x00000000f4880000, 0x0000000100000000)
  eden space 425472K, 15% used [0x00000000d5d80000,0x00000000d9f7de08,0x00000000efd00000)
  from space 18944K, 99% used [0x00000000f1400000,0x00000000f267a728,0x00000000f2680000)
  to   space 23552K, 0% used [0x00000000efd00000,0x00000000efd00000,0x00000000f1400000)
 ParOldGen       total 52224K, used 19415K [0x0000000081800000, 0x0000000084b00000, 0x00000000d5d80000)
  object space 52224K, 37% used [0x0000000081800000,0x0000000082af5ea0,0x0000000084b00000)
 Metaspace       used 34815K, capacity 35212K, committed 35456K, reserved 1079296K
  class space    used 4602K, capacity 4695K, committed 4736K, reserved 1048576K
Event: 119.638 GC heap after
Heap after GC invocations=10 (full 1):
 PSYoungGen      total 449024K, used 9313K [0x00000000d5d80000, 0x00000000fd280000, 0x0000000100000000)
  eden space 425472K, 0% used [0x00000000d5d80000,0x00000000d5d80000,0x00000000efd00000)
  from space 23552K, 39% used [0x00000000efd00000,0x00000000f06185d0,0x00000000f1400000)
  to   space 22528K, 0% used [0x00000000fbc80000,0x00000000fbc80000,0x00000000fd280000)
 ParOldGen       total 52224K, used 19719K [0x0000000081800000, 0x0000000084b00000, 0x00000000d5d80000)
  object space 52224K, 37% used [0x0000000081800000,0x0000000082b41ec0,0x0000000084b00000)
 Metaspace       used 34815K, capacity 35212K, committed 35456K, reserved 1079296K
  class space    used 4602K, capacity 4695K, committed 4736K, reserved 1048576K
}
Event: 119.638 GC heap before
{Heap before GC invocations=11 (full 2):
 PSYoungGen      total 449024K, used 9313K [0x00000000d5d80000, 0x00000000fd280000, 0x0000000100000000)
  eden space 425472K, 0% used [0x00000000d5d80000,0x00000000d5d80000,0x00000000efd00000)
  from space 23552K, 39% used [0x00000000efd00000,0x00000000f06185d0,0x00000000f1400000)
  to   space 22528K, 0% used [0x00000000fbc80000,0x00000000fbc80000,0x00000000fd280000)
 ParOldGen       total 52224K, used 19719K [0x0000000081800000, 0x0000000084b00000, 0x00000000d5d80000)
  object space 52224K, 37% used [0x0000000081800000,0x0000000082b41ec0,0x0000000084b00000)
 Metaspace       used 34815K, capacity 35212K, committed 35456K, reserved 1079296K
  class space    used 4602K, capacity 4695K, committed 4736K, reserved 1048576K
Event: 119.684 GC heap after
Heap after GC invocations=11 (full 2):
 PSYoungGen      total 449024K, used 0K [0x00000000d5d80000, 0x00000000fd280000, 0x0000000100000000)
  eden space 425472K, 0% used [0x00000000d5d80000,0x00000000d5d80000,0x00000000efd00000)
  from space 23552K, 0% used [0x00000000efd00000,0x00000000efd00000,0x00000000f1400000)
  to   space 22528K, 0% used [0x00000000fbc80000,0x00000000fbc80000,0x00000000fd280000)
 ParOldGen       total 70656K, used 14756K [0x0000000081800000, 0x0000000085d00000, 0x00000000d5d80000)
  object space 70656K, 20% used [0x0000000081800000,0x00000000826690b0,0x0000000085d00000)
 Metaspace       used 34815K, capacity 35212K, committed 35456K, reserved 1079296K
  class space    used 4602K, capacity 4695K, committed 4736K, reserved 1048576K
}

Deoptimization events (10 events):
Event: 19.303 Thread 0x0000000002be3800 Uncommon trap: reason=bimorphic action=maybe_recompile pc=0x00000000039376b0 method=org.eclipse.swt.widgets.Control.windowProc(JIJJ)J @ 762
Event: 19.858 Thread 0x0000000002be3800 Uncommon trap: reason=bimorphic action=maybe_recompile pc=0x00000000039376bc method=org.eclipse.swt.widgets.Control.windowProc(JIJJ)J @ 1178
Event: 24.300 Thread 0x0000000002be3800 Uncommon trap: reason=unstable_if action=reinterpret pc=0x00000000039330fc method=org.eclipse.swt.widgets.Display.windowProc(JJJJ)J @ 166
Event: 34.983 Thread 0x000000001baff000 Uncommon trap: reason=class_check action=maybe_recompile pc=0x0000000003343f3c method=java.util.concurrent.locks.AbstractQueuedSynchronizer.release(I)Z @ 2
Event: 34.983 Thread 0x000000001baff000 Uncommon trap: reason=unstable_if action=reinterpret pc=0x0000000003343f68 method=java.util.concurrent.locks.AbstractQueuedSynchronizer.release(I)Z @ 14
Event: 119.686 Thread 0x0000000019b90800 Uncommon trap: reason=unstable_if action=reinterpret pc=0x000000000331c37c method=java.lang.ref.Finalizer.remove()V @ 10
Event: 119.686 Thread 0x0000000019b90800 Uncommon trap: reason=unstable_if action=reinterpret pc=0x00000000033265a4 method=java.lang.ref.Finalizer.remove()V @ 10
Event: 123.272 Thread 0x0000000002be3800 Uncommon trap: reason=unstable_if action=reinterpret pc=0x0000000003897c58 method=java.io.ExpiringCache.entryFor(Ljava/lang/String;)Ljava/io/ExpiringCache$Entry; @ 39
Event: 123.272 Thread 0x0000000002be3800 Uncommon trap: reason=unstable_if action=reinterpret pc=0x0000000003892b4c method=java.io.ExpiringCache.entryFor(Ljava/lang/String;)Ljava/io/ExpiringCache$Entry; @ 39
Event: 123.275 Thread 0x0000000002be3800 Uncommon trap: reason=unstable_if action=reinterpret pc=0x00000000036e4bd8 method=java.io.ExpiringCache.entryFor(Ljava/lang/String;)Ljava/io/ExpiringCache$Entry; @ 39

Internal exceptions (10 events):
Event: 5.163 Thread 0x0000000002be3800 Exception <a 'java/lang/ArrayIndexOutOfBoundsException'> (0x00000000e2c63ef0) thrown at [C:\re\workspace\8-2-build-windows-amd64-cygwin\jdk8u121\8372\hotspot\src\share\vm\runtime\sharedRuntime.cpp, line 605]
Event: 5.164 Thread 0x0000000002be3800 Exception <a 'java/lang/ArrayIndexOutOfBoundsException'> (0x00000000e2c65848) thrown at [C:\re\workspace\8-2-build-windows-amd64-cygwin\jdk8u121\8372\hotspot\src\share\vm\runtime\sharedRuntime.cpp, line 605]
Event: 11.222 Thread 0x0000000002be3800 Exception <a 'java/lang/ClassNotFoundException': ar/edu/utn/frba/dds/controlador/MetodologiaViewModelBeanInfo> (0x00000000d89712a8) thrown at [C:\re\workspace\8-2-build-windows-amd64-cygwin\jdk8u121\8372\hotspot\src\share\vm\classfile\systemDictionary.cpp
Event: 11.223 Thread 0x0000000002be3800 Exception <a 'java/lang/ClassNotFoundException': ar/edu/utn/frba/dds/controlador/MetodologiaViewModelCustomizer> (0x00000000d8990ce8) thrown at [C:\re\workspace\8-2-build-windows-amd64-cygwin\jdk8u121\8372\hotspot\src\share\vm\classfile\systemDictionary.c
Event: 11.261 Thread 0x0000000002be3800 Exception <a 'java/lang/ClassNotFoundException': ar/edu/utn/frba/dds/metodologia/MetodologiaBeanInfo> (0x00000000d8fabb48) thrown at [C:\re\workspace\8-2-build-windows-amd64-cygwin\jdk8u121\8372\hotspot\src\share\vm\classfile\systemDictionary.cpp, line 21
Event: 11.261 Thread 0x0000000002be3800 Exception <a 'java/lang/ClassNotFoundException': ar/edu/utn/frba/dds/metodologia/MetodologiaCustomizer> (0x00000000d8fc8830) thrown at [C:\re\workspace\8-2-build-windows-amd64-cygwin\jdk8u121\8372\hotspot\src\share\vm\classfile\systemDictionary.cpp, line 
Event: 11.349 Thread 0x0000000002be3800 Exception <a 'java/lang/ClassNotFoundException': ar/edu/utn/frba/dds/metodologia/CondicionBeanInfo> (0x00000000d97b25c0) thrown at [C:\re\workspace\8-2-build-windows-amd64-cygwin\jdk8u121\8372\hotspot\src\share\vm\classfile\systemDictionary.cpp, line 210]
Event: 11.350 Thread 0x0000000002be3800 Exception <a 'java/lang/ClassNotFoundException': ar/edu/utn/frba/dds/metodologia/CondicionCustomizer> (0x00000000d97ceaf0) thrown at [C:\re\workspace\8-2-build-windows-amd64-cygwin\jdk8u121\8372\hotspot\src\share\vm\classfile\systemDictionary.cpp, line 21
Event: 11.394 Thread 0x0000000002be3800 Exception <a 'java/lang/ClassNotFoundException': ar/edu/utn/frba/dds/modelo/EmpresaBeanInfo> (0x00000000d9983f50) thrown at [C:\re\workspace\8-2-build-windows-amd64-cygwin\jdk8u121\8372\hotspot\src\share\vm\classfile\systemDictionary.cpp, line 210]
Event: 11.394 Thread 0x0000000002be3800 Exception <a 'java/lang/ClassNotFoundException': ar/edu/utn/frba/dds/modelo/EmpresaCustomizer> (0x00000000d999d730) thrown at [C:\re\workspace\8-2-build-windows-amd64-cygwin\jdk8u121\8372\hotspot\src\share\vm\classfile\systemDictionary.cpp, line 210]

Events (10 events):
Event: 123.288 Thread 0x0000000019e91000 flushing nmethod 0x000000000329f6d0
Event: 123.288 Thread 0x0000000019e91000 flushing nmethod 0x00000000032b69d0
Event: 123.288 Thread 0x0000000019e91000 flushing nmethod 0x00000000032b6d10
Event: 123.288 Thread 0x0000000019e91000 flushing nmethod 0x00000000032b8490
Event: 123.288 Thread 0x0000000019e91000 flushing nmethod 0x00000000032cb210
Event: 123.288 Thread 0x0000000019e91000 flushing nmethod 0x00000000032cef90
Event: 123.288 Thread 0x0000000019e91000 flushing nmethod 0x00000000032ddd10
Event: 123.288 Thread 0x0000000019e91000 flushing nmethod 0x00000000032eead0
Event: 123.288 Thread 0x0000000019e91000 flushing nmethod 0x00000000032eee10
Event: 123.298 Thread 0x0000000019ea4000 flushing nmethod 0x00000000032f5650


Dynamic libraries:
0x00007ff7c4180000 - 0x00007ff7c41b7000 	C:\Program Files\Java\jre1.8.0_121\bin\javaw.exe
0x00007ffa4f250000 - 0x00007ffa4f42b000 	C:\WINDOWS\SYSTEM32\ntdll.dll
0x00007ffa4ce20000 - 0x00007ffa4cece000 	C:\WINDOWS\System32\KERNEL32.DLL
0x00007ffa4c490000 - 0x00007ffa4c6d9000 	C:\WINDOWS\System32\KERNELBASE.dll
0x00007ffa4eff0000 - 0x00007ffa4f091000 	C:\WINDOWS\System32\ADVAPI32.dll
0x00007ffa4cc30000 - 0x00007ffa4cccd000 	C:\WINDOWS\System32\msvcrt.dll
0x00007ffa4ee20000 - 0x00007ffa4ee79000 	C:\WINDOWS\System32\sechost.dll
0x00007ffa4ccf0000 - 0x00007ffa4ce15000 	C:\WINDOWS\System32\RPCRT4.dll
0x00007ffa4e530000 - 0x00007ffa4e67a000 	C:\WINDOWS\System32\USER32.dll
0x00007ffa4b870000 - 0x00007ffa4b88e000 	C:\WINDOWS\System32\win32u.dll
0x00007ffa4cf50000 - 0x00007ffa4cf77000 	C:\WINDOWS\System32\GDI32.dll
0x00007ffa4ba60000 - 0x00007ffa4bbe8000 	C:\WINDOWS\System32\gdi32full.dll
0x00007ffa4bbf0000 - 0x00007ffa4bc8a000 	C:\WINDOWS\System32\msvcp_win.dll
0x00007ffa4c390000 - 0x00007ffa4c486000 	C:\WINDOWS\System32\ucrtbase.dll
0x00007ffa466c0000 - 0x00007ffa46927000 	C:\WINDOWS\WinSxS\amd64_microsoft.windows.common-controls_6595b64144ccf1df_6.0.15063.483_none_26002d27e7c744a2\COMCTL32.dll
0x00007ffa4eb20000 - 0x00007ffa4ee19000 	C:\WINDOWS\System32\combase.dll
0x00007ffa4b750000 - 0x00007ffa4b7ba000 	C:\WINDOWS\System32\bcryptPrimitives.dll
0x00007ffa4e3c0000 - 0x00007ffa4e3ed000 	C:\WINDOWS\System32\IMM32.DLL
0x0000000057530000 - 0x0000000057602000 	C:\Program Files\Java\jre1.8.0_121\bin\msvcr100.dll
0x0000000057b00000 - 0x000000005839b000 	C:\Program Files\Java\jre1.8.0_121\bin\server\jvm.dll
0x00007ffa4cf40000 - 0x00007ffa4cf48000 	C:\WINDOWS\System32\PSAPI.DLL
0x00007ffa41e30000 - 0x00007ffa41e39000 	C:\WINDOWS\SYSTEM32\WSOCK32.dll
0x00007ffa49360000 - 0x00007ffa49383000 	C:\WINDOWS\SYSTEM32\WINMM.dll
0x00007ffa43430000 - 0x00007ffa4343a000 	C:\WINDOWS\SYSTEM32\VERSION.dll
0x00007ffa4ced0000 - 0x00007ffa4cf3c000 	C:\WINDOWS\System32\WS2_32.dll
0x00007ffa49330000 - 0x00007ffa4935b000 	C:\WINDOWS\SYSTEM32\winmmbase.dll
0x00007ffa4b820000 - 0x00007ffa4b869000 	C:\WINDOWS\System32\cfgmgr32.dll
0x0000000057af0000 - 0x0000000057aff000 	C:\Program Files\Java\jre1.8.0_121\bin\verify.dll
0x0000000057ac0000 - 0x0000000057ae9000 	C:\Program Files\Java\jre1.8.0_121\bin\java.dll
0x0000000057aa0000 - 0x0000000057ab6000 	C:\Program Files\Java\jre1.8.0_121\bin\zip.dll
0x00007ffa4cf80000 - 0x00007ffa4e3b7000 	C:\WINDOWS\System32\SHELL32.dll
0x00007ffa4ef40000 - 0x00007ffa4efea000 	C:\WINDOWS\System32\shcore.dll
0x00007ffa4bc90000 - 0x00007ffa4c383000 	C:\WINDOWS\System32\windows.storage.dll
0x00007ffa4e680000 - 0x00007ffa4e6d1000 	C:\WINDOWS\System32\shlwapi.dll
0x00007ffa4b730000 - 0x00007ffa4b741000 	C:\WINDOWS\System32\kernel.appcore.dll
0x00007ffa4b6c0000 - 0x00007ffa4b70c000 	C:\WINDOWS\System32\powrprof.dll
0x00007ffa4b710000 - 0x00007ffa4b725000 	C:\WINDOWS\System32\profapi.dll
0x000000001c330000 - 0x000000001c3c3000 	C:\Users\Lucas\AppData\Local\Temp\swt-win32-3449.dll
0x00007ffa4cad0000 - 0x00007ffa4cc15000 	C:\WINDOWS\System32\ole32.dll
0x00007ffa4e470000 - 0x00007ffa4e530000 	C:\WINDOWS\System32\OLEAUT32.dll
0x00007ffa4f0a0000 - 0x00007ffa4f1a8000 	C:\WINDOWS\System32\comdlg32.dll
0x00007ffa4c910000 - 0x00007ffa4c929000 	C:\WINDOWS\System32\USP10.dll
0x00007ffa3e000000 - 0x00007ffa3e32e000 	C:\WINDOWS\SYSTEM32\WININET.dll
0x00007ffa49ee0000 - 0x00007ffa49f75000 	C:\WINDOWS\system32\uxtheme.dll
0x00007ffa4c790000 - 0x00007ffa4c8f6000 	C:\WINDOWS\System32\MSCTF.dll
0x00007ffa47de0000 - 0x00007ffa47e0a000 	C:\WINDOWS\system32\dwmapi.dll
0x0000000057a80000 - 0x0000000057a9a000 	C:\Program Files\Java\jre1.8.0_121\bin\net.dll
0x00007ffa4afb0000 - 0x00007ffa4b00c000 	C:\WINDOWS\system32\mswsock.dll
0x00007ffa4ad90000 - 0x00007ffa4ae34000 	C:\WINDOWS\SYSTEM32\DNSAPI.dll
0x00007ffa4c900000 - 0x00007ffa4c908000 	C:\WINDOWS\System32\NSI.dll
0x00007ffa4acf0000 - 0x00007ffa4ad27000 	C:\WINDOWS\SYSTEM32\IPHLPAPI.DLL
0x000000005a610000 - 0x000000005a636000 	C:\Program Files\Bonjour\mdnsNSP.dll
0x00007ffa43420000 - 0x00007ffa4342a000 	C:\Windows\System32\rasadhlp.dll
0x00007ffa47760000 - 0x00007ffa477cb000 	C:\WINDOWS\System32\fwpuclnt.dll
0x00007ffa4b260000 - 0x00007ffa4b285000 	C:\WINDOWS\SYSTEM32\bcrypt.dll
0x00007ffa4b150000 - 0x00007ffa4b167000 	C:\WINDOWS\SYSTEM32\CRYPTSP.dll
0x00007ffa4ab70000 - 0x00007ffa4aba4000 	C:\WINDOWS\system32\rsaenh.dll
0x00007ffa4b5d0000 - 0x00007ffa4b5f9000 	C:\WINDOWS\SYSTEM32\USERENV.dll
0x00007ffa4b170000 - 0x00007ffa4b17b000 	C:\WINDOWS\SYSTEM32\CRYPTBASE.dll
0x00007ffa47910000 - 0x00007ffa47926000 	C:\WINDOWS\SYSTEM32\dhcpcsvc6.DLL
0x00007ffa478f0000 - 0x00007ffa4790a000 	C:\WINDOWS\SYSTEM32\dhcpcsvc.DLL
0x0000000057a60000 - 0x0000000057a71000 	C:\Program Files\Java\jre1.8.0_121\bin\nio.dll
0x00007ffa46240000 - 0x00007ffa462c2000 	C:\WINDOWS\System32\TextInputFramework.dll
0x00007ffa44760000 - 0x00007ffa44a32000 	C:\WINDOWS\System32\CoreUIComponents.dll
0x00007ffa47e30000 - 0x00007ffa47f13000 	C:\WINDOWS\System32\CoreMessaging.dll
0x00007ffa4a9a0000 - 0x00007ffa4a9d1000 	C:\WINDOWS\SYSTEM32\ntmarta.dll
0x00007ffa46e20000 - 0x00007ffa46f59000 	C:\WINDOWS\SYSTEM32\wintypes.dll
0x00007ffa49740000 - 0x00007ffa49755000 	C:\WINDOWS\SYSTEM32\usermgrcli.dll

VM Arguments:
jvm_args: -Djava.system.class.loader=org.uqbar.apo.APOClassLoader -Duser.language=es -Duser.region=AR -Dfile.encoding=Cp1252 
java_command: ar.edu.utn.frba.dds.CuentasApp
java_class_path (initial): C:\Users\Lucas\workspace\2017-jm-group-10\target\classes;C:\Users\Lucas\.m2\repository\org\ini4j\ini4j\0.5.4\ini4j-0.5.4.jar;C:\Users\Lucas\.m2\repository\org\hamcrest\hamcrest-all\1.3\hamcrest-all-1.3.jar;C:\Users\Lucas\.m2\repository\org\uqbar-project\arena-jface\3.6.1\arena-jface-3.6.1.jar;C:\Users\Lucas\.m2\repository\org\uqbar-project\arena-core\3.6.1\arena-core-3.6.1.jar;C:\Users\Lucas\.m2\repository\org\uqbar-project\arena-pot\3.6.1\arena-pot-3.6.1.jar;C:\Users\Lucas\.m2\repository\org\uqbar-project\arena-apo\3.6.1\arena-apo-3.6.1.jar;C:\Users\Lucas\.m2\repository\org\reflections\reflections\0.9.8\reflections-0.9.8.jar;C:\Users\Lucas\.m2\repository\com\google\guava\guava\11.0.2\guava-11.0.2.jar;C:\Users\Lucas\.m2\repository\com\google\code\findbugs\jsr305\1.3.9\jsr305-1.3.9.jar;C:\Users\Lucas\.m2\repository\org\uqbar-project\arena-poo\3.6.1\arena-poo-3.6.1.jar;C:\Users\Lucas\.m2\repository\org\mockito\mockito-all\1.9.5\mockito-all-1.9.5.jar;C:\Users\Lucas\.m2\repository\com\ibm\icu\icu4j\50.1.1\icu4j-50.1.1.jar;C:\Users\Lucas\.m2\repository\org\eclipse\core\org.eclipse.core.commands\3.4.0.I20080509-2000\org.eclipse.core.commands-3.4.0.I20080509-2000.jar;C:\Users\Lucas\.m2\repository\org\eclipse\core\databinding\org.eclipse.core.databinding.beans\1.1.1.M20080827-0800a\org.eclipse.core.databinding.beans-1.1.1.M20080827-0800a.jar;C:\Users\Lucas\.m2\repository\org\eclipse\core\org.eclipse.core.databinding\1.1.1.M20080827-0800b\org.eclipse.core.databinding-1.1.1.M20080827-0800b.jar;C:\Users\Lucas\.m2\repository\org\eclipse\equinox\org.eclipse.equinox.common\3.4.0.v20080421-2006\org.eclipse.equinox.common-3.4.0.v20080421-2006.jar;C:\Users\Lucas\.m2\repository\org\eclipse\jface\org.eclipse.jface.databinding\1.2.1.M20080827-0800a\org.eclipse.jface.databinding-1.2.1.M20080827-0800a.jar;C:\Users\Lucas\.m2\repository\org\eclipse\org.eclipse.jface\3.4.2.M20090107-0800\org.eclipse.jface-3.4.2.M20090107-0800.jar;C:\Users\Lucas\.m2\repository\or
Launcher Type: SUN_STANDARD

Environment Variables:
JAVA_HOME=C:\Program Files\Java\jdk1.8.0_65
PATH=C:/Program Files/Java/jre1.8.0_121/bin/server;C:/Program Files/Java/jre1.8.0_121/bin;C:/Program Files/Java/jre1.8.0_121/lib/amd64;C:\ProgramData\Oracle\Java\javapath;C:\Program Files (x86)\Python35-32\Scripts\;C:\Program Files (x86)\Python35-32\;C:\Program Files\Java\jdk1.8.0_65\bin;C:\Program Files (x86)\GtkSharp\2.12\bin;C:\Windows\system32;C:\WINDOWS\system32;C:\WINDOWS;C:\WINDOWS\System32\Wbem;C:\WINDOWS\System32\WindowsPowerShell\v1.0\;C:\Program Files (x86)\sbt\\bin;C:\Program Files\cURL\bin;C:\xampp\php;C:\ProgramData\ComposerSetup\bin;C:\Program Files\nodejs\;C:\Program Files\Calibre2\;C:\Program Files\Git\cmd;C:\Program Files (x86)\Skype\Phone\;C:\Program Files\Geth;C:\Program Files\MySQL\MySQL Utilities 1.6\;C:\Ruby23-x64\bin;C:\Program Files\Java\jdk1.8.0_65\bin;C:\Program Files (x86)\GtkSharp\2.12\bin;C:\Windows\system32;C:\WINDOWS\system32;C:\WINDOWS;C:\WINDOWS\System32\Wbem;C:\WINDOWS\System32\WindowsPowerShell\v1.0\;C:\Users\Lucas\AppData\Roaming\cabal\bin;C:\Program Files\Actiona;C:\Users\Lucas\AppData\Roaming\Composer\vendor\bin;C:\Users\Lucas\AppData\Local\Microsoft\WindowsApps;C:\MinGW;C:\MinGW\bin;C:\Program Files (x86)\sbt\bin;C:\Program Files\nodejs;C:\Users\Lucas\AppData\Local\atom\bin;C:\Users\Lucas\AppData\Roaming\npm;C:\Users\Lucas\apache-maven-3.3.9\bin;C:\Users\Lucas\AppData\Local\Microsoft\WindowsApps;;C:\WINDOWS\System32;
USERNAME=Lucas
OS=Windows_NT
PROCESSOR_IDENTIFIER=AMD64 Family 21 Model 2 Stepping 0, AuthenticAMD



---------------  S Y S T E M  ---------------

OS: Windows 10.0 , 64 bit Build 15063 (10.0.15063.296)

CPU:total 8 (8 cores per cpu, 1 threads per core) family 21 model 2 stepping 0, cmov, cx8, fxsr, mmx, sse, sse2, sse3, ssse3, sse4.1, sse4.2, popcnt, avx, aes, clmul, mmxext, 3dnowpref, lzcnt, sse4a, tsc, tscinvbit, tscinv, bmi1

Memory: 4k page, physical 8287072k(2450372k free), swap 10335072k(6408k free)

vm_info: Java HotSpot(TM) 64-Bit Server VM (25.121-b13) for windows-amd64 JRE (1.8.0_121-b13), built on Dec 12 2016 18:21:36 by "java_re" with MS VC++ 10.0 (VS2010)

time: Wed Sep 13 23:39:23 2017
elapsed time: 123 seconds (0d 0h 2m 3s)

